('program', (-1, -1))
('id', (8, 0))
('var', (-1, -1))
('id', (6, 0))
(',', (-1, -1))
('id', (7, 0))
(',', (-1, -1))
('id', (3, 0))
(':', (-1, -1))
('integer', (-1, -1))
('begin', (-1, -1))
('id', (3, 0))
(':=', (-1, -1))
('const', (9, 0))
('outputLine', (-1, -1))
('(', (-1, -1))
('const', (2, 0))
(')', (-1, -1))
('inputLine', (-1, -1))
('(', (-1, -1))
('id', (6, 1))
(')', (-1, -1))
('id', (11, 0))
('or', (-1, -1))
('id', (1, 0))
(':=', (-1, -1))
('const', (10, 0))
('to', (-1, -1))
('id', (6, 1))
('do', (-1, -1))
('begin', (-1, -1))
('inputLine', (-1, -1))
('(', (-1, -1))
('id', (6, 0))
(')', (-1, -1))
('id', (3, 0))
(':=', (-1, -1))
('id', (3, 0))
('+', (-1, -1))
('id', (6, 0))
('end', (-1, -1))
('outputLine', (-1, -1))
('(', (-1, -1))
('const', (4, 0))
('id', (3, 0))
(')', (-1, -1))
('end', (-1, -1))
('.', (-1, -1))